Base path: 'C:/Program Files/Unity/Hub/Editor/2019.2.6f1/Editor/Data', plugins path 'C:/Program Files/Unity/Hub/Editor/2019.2.6f1/Editor/Data/PlaybackEngines'
Cmd: initializeCompiler
Cmd: preprocess
  insize=811 outsize=209 ok=1
Cmd: preprocess
  insize=811 outsize=209 ok=1
Cmd: preprocess
  insize=811 outsize=209 ok=1
Cmd: preprocess
  insize=811 outsize=209 ok=1
Cmd: preprocess
  insize=811 outsize=209 ok=1
Cmd: preprocess
  insize=811 outsize=209 ok=1
Cmd: preprocess
  insize=811 outsize=209 ok=1
Cmd: preprocess
  insize=811 outsize=209 ok=1
Cmd: preprocess
  insize=811 outsize=209 ok=1
Cmd: preprocess
  insize=811 outsize=209 ok=1
Cmd: preprocess
  insize=811 outsize=209 ok=1
Cmd: preprocess
  insize=811 outsize=209 ok=1
Cmd: preprocess
  insize=811 outsize=209 ok=1
Cmd: preprocess
  insize=811 outsize=209 ok=1
Cmd: preprocess
  insize=811 outsize=209 ok=1
Cmd: preprocess
  insize=811 outsize=209 ok=1
Cmd: preprocess
  insize=811 outsize=209 ok=1
Cmd: preprocess
  insize=811 outsize=209 ok=1
Cmd: preprocess
  insize=811 outsize=209 ok=1
Cmd: preprocess
  insize=811 outsize=209 ok=1
Cmd: preprocess
  insize=811 outsize=209 ok=1
Cmd: preprocess
  insize=811 outsize=209 ok=1
Cmd: preprocess
  insize=811 outsize=209 ok=1
Cmd: preprocess
  insize=811 outsize=209 ok=1
Cmd: preprocess
  insize=811 outsize=209 ok=1
Cmd: preprocess
  insize=811 outsize=209 ok=1
Cmd: preprocess
  insize=811 outsize=209 ok=1
Cmd: preprocess
  insize=811 outsize=209 ok=1
Cmd: preprocess
  insize=811 outsize=209 ok=1
Cmd: preprocess
  insize=811 outsize=209 ok=1
Cmd: preprocess
  insize=811 outsize=209 ok=1
Cmd: preprocess
  insize=811 outsize=209 ok=1
Cmd: preprocess
  insize=811 outsize=209 ok=1
Cmd: preprocess
  insize=811 outsize=209 ok=1
Cmd: preprocess
  insize=811 outsize=209 ok=1
Cmd: preprocess
  insize=811 outsize=209 ok=1
Cmd: preprocess
  insize=811 outsize=209 ok=1
Cmd: preprocess
  insize=811 outsize=209 ok=1
Cmd: preprocess
  insize=811 outsize=209 ok=1
Cmd: preprocess
  insize=811 outsize=209 ok=1
Cmd: preprocess
  insize=811 outsize=209 ok=1
Cmd: preprocess
  insize=811 outsize=209 ok=1
Cmd: preprocess
  insize=811 outsize=209 ok=1
Cmd: preprocess
  insize=811 outsize=209 ok=1
Cmd: preprocess
  insize=811 outsize=209 ok=1
Cmd: preprocess
  insize=811 outsize=209 ok=1
Cmd: preprocess
  insize=811 outsize=209 ok=1
Cmd: preprocess
  insize=811 outsize=209 ok=1
Cmd: preprocess
  insize=811 outsize=209 ok=1
Cmd: preprocess
  insize=123186 outsize=2400 ok=1
Cmd: preprocess
  insize=4927 outsize=934 ok=1
Cmd: preprocess
  insize=5497 outsize=936 ok=1
Cmd: preprocess
  insize=4927 outsize=934 ok=1
Cmd: preprocess
  insize=5311 outsize=925 ok=1
Cmd: preprocess
  insize=4927 outsize=934 ok=1
Cmd: preprocess
  insize=4927 outsize=934 ok=1
Cmd: preprocess
  insize=4914 outsize=933 ok=1
Cmd: preprocess
  insize=13781 outsize=924 ok=1
Cmd: preprocess
  insize=13499 outsize=925 ok=1
Cmd: preprocess
  insize=13140 outsize=928 ok=1
Cmd: preprocess
  insize=5807 outsize=925 ok=1
Cmd: preprocess
  insize=5457 outsize=927 ok=1
Cmd: preprocess
  insize=5144 outsize=927 ok=1
Cmd: preprocess
  insize=4575 outsize=932 ok=1
Cmd: preprocess
  insize=10933 outsize=923 ok=1
Cmd: preprocess
  insize=10262 outsize=923 ok=1
Cmd: preprocess
  insize=9495 outsize=928 ok=1
Cmd: preprocess
  insize=9495 outsize=928 ok=1
Cmd: preprocess
  insize=9495 outsize=928 ok=1
Cmd: preprocess
  insize=4455 outsize=927 ok=1
Cmd: preprocess
  insize=4491 outsize=930 ok=1
Cmd: preprocess
  insize=4712 outsize=927 ok=1
Cmd: preprocess
  insize=5544 outsize=926 ok=1
Cmd: preprocess
  insize=5155 outsize=922 ok=1
Cmd: preprocess
  insize=5280 outsize=922 ok=1
Cmd: preprocess
  insize=7602 outsize=928 ok=1
Cmd: preprocess
  insize=7602 outsize=928 ok=1
Cmd: preprocess
  insize=7602 outsize=928 ok=1
Cmd: preprocess
  insize=11162 outsize=928 ok=1
Cmd: preprocess
  insize=6409 outsize=930 ok=1

Quitting shader compiler process
